-32
1
-9
-151
297
-605
-1154
-102060
20
40
-2263
763790
260
-3554
-79
522
-21820
-92535
7227
220810
910
-386
-411
124
138386
331
953231
-418970
-4631811
14921194
71008440
-16299101
-108569780
-44648649
-114047428
-581253143
-181379121
17013
300060190317888000
-30641
-33513
134627
508152
-186366242
9681305581
-4023553628
26584824660
617999
-131529832868
55109712458196328
1937971
-219436
1415758818786
330903340079
-5322634
139359
-2950727313372
4439790784418
8190177
-317677152436557611557
8424592
112384234883574
95421767135342
-14195848
-2017222729068510126703
-25185097
617711586768283
76206184
333379883408319
454519951335184
5172019011363923
-241610949
225676280
-1096836898157288639263556
60826426360831713
26721562236936738
-123659520854067821
64433664853298501
17942342019803383
163316444740480442
-267417408435713606
-235132322304892949
1261436263557198050
-2909173909
-5962750314960257
-715519873205629398
7491798861684162271146763436
-13963599763136981824076775345
1632858854775886741410437328
-12552200745
-576073006015422174678655827240142731150
-55970653530164390674880321099
-24737872745459984810
-236504703488055063205
29054014665
60735279305
-9223712374271956723258023274259
134563074104975706296
511025733687056895890
87976810124
-2222577109810906894543
-4554633810687854781184
309194973538
-860322320008006869001
10666795884928797202371
8340899367994703444040
-26692659713086183717517641503303897
79336347762710973292824
-17871324902284013719829433206782103
-374593285584784825920164
-220250379001590018374897
380726362919153502094042
210543609547274475233882
-447499777042235915576950
-2414089438734265170100783
17026095797099630485344
3727397779811
-11699321415958509464715955
-1351000113139920422663558
8734275545259164552974851
4303575732529
16226125971794539781701657
-2689035306143
-37221863633496
-30966193426322581406598091
-7140674904742096854787444
-58220293529801
325404165569898949108237243
-2847526144993395954744385461
27592650570972702951271365417109859076393
5283629224873065150222715442
13403947449339058453024638557
3721439985269637699852684603
-189174831904395639222667744
5682188496413155936917037760
-2841244410741944350202627022
411069593826833445960711777475115978205994189261415079375
57193467062927403709792102620
-236606970416502
57708333028934
16214383439281262521454114636
-2449909216912065
-584339694700279719059376261504
5077048238153498028344284851768
-1796793884592675786074085179858
3454433815767753744960565757985
714849678240502515120655567160
3499661069541652426978551730415
32501833014134003546400233529892529126512469077102311285271680
-1448655575084594374438186718252
-5233843193196712534865021600770
20207167756907955
37072553427301776360988923577868
-123279316230653654928114897189119
402381462103859699883238137511068
20996384781522232
-455960027804221248415965371404712
-344004459646515058816736290127934
14762144003201042
1045219278797025477845179052980819
95776144743850397719569730897154712
44321684868577206
-11908553543701137614802628777235419
-15550218294850525119382813183944065
6528564182321548327313847931060290
469734173356241518
-70791678085768686771656519788360263
609988270880887574994346767690661795688908179672291
-167619837788959917236310166819005609
-226718138209694609552794873961328642
2227670691316360425146362711760069349621287796368444109258967496448000
1357607042427163858499602335955396668
190010404052938554119091130630808480772361630059510227
1996034511935620343762347700014920159
-2850371615018682350196009666454929512903602676186453141
-794885317085702810
8908384838360373638
-14313461765139803326439819038836080758
29998110381076153853085154063413419533820993027962957527
-52674779659535144264088873219057803322
8139452753829914327
-200800311735434409116408433558073400784
5292589718468613255151565856713994593
3516408701188879368406159757143471818071327183183339600078
-19298225754129464357
-4506562958523985178525350671150151514476499397116506924254
-15977617357851876376356920556058104975921046086750297150900
-17217151997955912842
1964475530134134192641825099369576504046
-372384394197808222290923671735522701848
-19263650801380508963463177016658525263767961986944587671785
3422397009433887847112597515783321552469
-572759179377016845726402564554735852909212731929301411044493
522662656959007002577
43188722909989284810
62939065153938389489184872031695832350108
33795346712238248889259064443851654750701
-30960590710615457985235082465420887891895
70111092219526683379508700034569032620944
556619625605247527104422535017974757407501580962371586279604
-371790264494878107025112462428813726401238
-228476062710964356217613464052467298637740
179845510697558670978952236861262252499994
171787940645802517361643517296592199492418
-2656114268728983141360206921065589818342889383539273516060728376
586056355840842453433833746339016565437694
-6852908306302292446867512960379419020632630
-290509349829863335844814694455853436977536
2610886453189889493829
-8842110698938421286839977388409982630891343
-10699231367968815609696
-12766309688759418475215
-45354697045724942799749731473618150030914166
107613926575621463537050972776681865109377420203837316410316168555
357092356084791463326616194314225575723034850
-433615801836706127067893531384826658349845585
371157035808487807666390298481128044446074353
138769457333873120777381281275700176682956576
-660916030396880036594090841275700288324748150
2917752910664582114216441218088564234914740570
279385997523376505732284053188957826960394626
2592371106437769825099
-4251333533733265385647226020374954793530036513
2618242476324894475511876587226026373350911141978580150260772404750062
-2170087499107072508372985389544244514636474190
2015398380634986336083779972292295581668636633490096687090898437111517
-121674137467193682363867
-32369927000562199077627060135495057294723809876
-97334983163501986417892716688569601807531290138
68412167777670296974888
-442892621145055870651934
-185010173044639510015350956502171840459340993724
369503970321374433197500
-2834319168958506553722644
-351962389358136803635556968677109683102188011503
-9106118897252472878739011194412454136279707391
10164747635872033818510359260952362439897744223592
27033732729983933288176233877781807114982545491002547233407884827739936545
-9186238924018718378486664
-9010081076470463588921282
-3413026776412273357921150160588040654334010468623
-54785741490779688745084681455023501031407056690326
-163057371973412350350936436724916044422496471247159
7920659664653626628954507489553604765135001428740
19444039158567420127679110
541689980226275286794739332879915149237878394223162
78430334690860740171402645
-394067942133377058095094710857512188217694434694446
321361658068344512216293680569899040561456665956612868933557260391825466210347110050213797883457412480
-1058538045484413338060805153438833826602001539378929
699799728462937772883677331269475961259348269384910
-118839217695262158202832357035350641387056664308753902792445779743744103852923
3079385326375345623668002058192264921140293783352486
9123604736027774648064461832160117198012169882698556
-1315494166595017723452838020356644201049218941760005197124394799470941822923767
-74275916138090868674940648649712070502633372279571112
216901533882146802535381082
-24848202496600964607475648692145564071459056497286256682264878598123821069783851
167729425699729604509458044191935599517819510896284227
-120821785724409490981791300851358811304040597778842492451385769028135118655404054
98761263415171836324089078601146423175372590595569894232018768433115181389214131
499033132388140097022637500755180901665179770052644083
-1689333287084717794660611603
2956344777076653046416486481608348074459769654237336678827337007464026971325778041580627188177744606213046272
-769085376637016910252166734903652746234216435366120329
1418372438148926656399635416549547918190704530779317934578328391179544960384942236
8413827083405270376767816800653904658318798501863807275
4196033161357282181019413950507550199019572939742724143
-11546178052386234633303088529692164656916813001154028344
-4716570279749688949617105141251121744979780004428099999
4465496572752189518203841725
-87450167963907694495772305040175805839546215758500335647642364642485366819873228642
6402476592838760837072313308176458049402102583822324744
-24551119495640834724157272063
2506362277530251738856220007642493558992379920396074726289277633102752855323564091906
52316362112080973626468928230
-14982692081010929441121006889
148211582698378243076057449995060413499732329934197560698
32508014814463380425933861224
-2709581329324811488072054553997346487505628843823930763339
-3829380436368112754823509111865034033144696713788001857057
-3858751081597436925332309604629858248318246240724371474998
3367329787532245803868221694735643851123716626553022146956
-1922232492222001121286648657502196301993237840253299991961143072130133661026935267567758
35280942609358699557496654520632884823745584744125582701911
5148203554993192593560204083133025311877346472417794205194485820815627214179034781006821
-7054325137250919873398352109820095994593234373719376258298969237658613511368445249143877
4082233330799211462790232747612982889645461177987824274482284626055323298872550814798044409234731020274629815496343770
-1236272610051884975954059876322
-517618011579272810171343872985
336926275322800238389607741393
-99899999999900199826924908841731616919540074810233091475719149403123038703149455290305904505450813058477417
-167845713137632174552272546919194515126480237230930614106723
261090661043723259690596386530300486588386233689852586649352
382119476056652998269969946311398826997628418942273523809747365711856696002828751720850969
3095522456579823773487002020803205472717662974517536942474198
-4360320166136693120193027791231618407498291861153883348876472179003173717122977705961658694
8869193395142485926292976185546462638355777394387140695070725
108340739567388203156183592618
29484246695353974080723015653585369937013457879809927499148703
3191396480113895949124747206652
-38901258350052214172524206013667465241225506784248705284042795
16256669609036945707007206747184
6913607045787027347933479525188
112856352034811289232567493660611035350743496748369481481882729
-87474735700338029756313100177188468017455057873650019877188964
50685972627271688195404083187077
497854999349633158020522881658749361622918954554513553678646550
2574838384097584459949125028932062183019610960170273813129275166
-26220794385142756761584889083649
-4869193821026171539997530291618797802913125850056055043121085972
177005580824191312541482587030047991956431157980553444271038997
1656065662811510491811917548527815479469443094910234637008622948
7972973966374091069558777942141458327980543991273191819616120734
-162660116984044495234021027476450
7131137979278285585428780842915688583812986060652285340261393494
2554517210462361098571010965928944564779822382982181662212672930121758232443569577215758441679299059551042472371861578499598805896
163848990703624371113982467576431123245960988608568441672485824323
-141404230054779618327559626033650813898265732736837699825652636088
-23417776297111139870212259509792948264586020200088293011380189992
-715478151056299427399256967843538
170317250685805295158074963833132728152523855778966552273072003032
421804325377762548302435617214398955618579635311091106085514646347508261443358565518574543633638364
419084802634488484799568228828072612572871588510990847177000175515
5263013442233441211223062047358210709994461202724345437523920425483
225555049691189758613219760579238954012120397911331241527291777699
-1078945669448514002136960638046315637006722868194479661763770808474
25679472358566953027399332707912166354058120565957843801610501108601694649447459228567889775169072996
-15458443634934854366043453791630487
-9465710693830954862071694712419167382101434145600654134514651704881
-20152612338650129312121152466753556307601069656459761148309063078805
-2030344722951248489798846010446174
-80238906746706162842830392683972193749873819436541200434563955598684
-146405153832349514226298695588423895432454278718698515519125436668197
64729208705561625610321552551202885856747818257049811879387753346594
-9749127868840985267295985107686821910628639221211319174790657906356829413768821561675513848369511534947
23648063224748014558590360348456550511608393247255663109066355024662
-10428217525918449237326226057326462687960136448565462617912145908299528140737469518348044915884691203862
177464213516731951641075795143690029
275826463626455216118242906912710412663573345565599069101622408407060
2133234350312501822456718296536974249881237100365930574870111746184748
127505008199990824980008770044432881
-39853868158214844652393107391158173
-351893591014179631546697924787124247074910700115165411923700609854145139525588578312310833331329422807607
-15324271005681400978366614451753985645589983421528285620287084993361321
17082060252374399164194675734997540656262527001410435610661372829466776
-37674054996187527933741994130393431
94250751478696779299941835082854729458172676181168623468436332971674443
-61516850939276878100644379883987911785536564627319045893618841075397064
134523334312138806018768081108586866928157675571493464041486141792326347424672601561118983861798517714926121
-1391477904264757606054476081532058405
2667471361746576271802687401571780666
-1018427107367596512765681173017389055
-3764004508114998538439132757026109818155587888412826474976514346221126835
498735821680130450309476701016402944069457923472522239140503907816729904
-1471341375542513116729652226786490088
2124322039912896794123428607369850674730819736413047859955826235958179881
-4560996582395995805004274527062334504788675905128303421207135571405363347
-17142897743342112356408023603319462620467434492549518063236224467885766693
5176559555053795344360791126101076462912625146469825344464435843690947963
-12825961934406112100805661187083925357531269185946861708893672746094147376
-57023449786779236035468771371543482543749945962372620261745145531527191555
-75698973415199172423304783009699915353306155258014773129232056002133068090
590598719921742408358636672022171498489948454015314144509667570959174347560761811454061271519050916648233238108
47688042409336739802561076651659513815198995224148055494858457442058041943
-11025486864012741095300475292078516032
-47132241428028564071891369434083563725492795965999412864888834510308298742
3019094732243110491936212640101992440840940228546202191628381892893667454749975204299264534874925315927105136536
54018929224411699860995171649673516829170918390082283775306516100772947923153175489862010414920161197936597493197
11975398933734213890260083890848384363271833932041690530656664857997642785857
2661678542566640862472128842922084193807728650037584684729426107842715648584
-72039644082008381881584466054751020448
671432659318453063870761376882519623799082215656122922539049178787882772217755812606053056600811861298734125247441463541679404518368606758143212012800
-97796366082136714355309938302202520047
-93217627249910259210248612861338332126
14019755205841392694141529179808796190273748063225685260257616084080303905523
11075287075367420111902372432115819063338274611990699702581656534429420298566
143193967809193123375993936150676890064031902864714834138903516560287640327549
-26902480896577927782369521203514513634710979416533103341455604896253798083332
-37338589571030070824806058138565287327006948066554547950543462744453531728636
332336154928096860557934554501960090774074917950699608350100643906250405987722
-2780352555548368589412453592158223176500
-556200372436642583090703170078204369848
-2293620304345031686186764829612068945530780270377711693546341984886898484863797
-1008035841130851763179207396795592369350
-1329189880918660849465246496178737218771913261065848644073248905583335188204650
134962317131678294881551834259603846645
2012293399761942196967557544324875397597881561544503780177756967757273434345906
-845287817783219535958408816866984405177
-3959653260419475712098883511189284057093
4190738956823258071155255380461770139529
-4357835976656355620467094646574329868645
-23070216792845248626101715104125095718184
-33350216554495795894962941836687807971743757615443277522383536856101884271535300
-1797513614811757496882844808737292704626421677802242696621252404933027472158067391085295474119779200520166217161740076288
-297517925376426612153974078943870413500470042314413292735636598054885301951546549
29102508443744231073355817338044450760425206216528657160055004698616843191357809
9622973199176663108247799028183995944246597605902548867018240044357670607363264246732449066884961066928996892692579236596
-928306040204279004301779979164679243907127949216296691938184176794332849997009393
-184350995840054485593235712283515610096878930281183043104287094292326482973294679
-13693795828950554640883034435376800720959524519073713209631587679321149278835212339472133465031688672394550331384195968894457182706415960880225596953322788602230000
214317009235020094755068687924559338527827327341860341052788036763259461085735973031222653159356258058583905898311135127299
-5012122264712220921859342740888608793744567721354772304523209931751640215008333418
-1312391448794729884019584224466759728207169266160748154255107433271822947998416554878483601455787699206315577706146588014425
-5207348513750857927732904139425432505814683861631728786844471485438669354350367925817889266492846275371864351334848871353519517591598466875189438479798216114734127144058538883470882
-31671472212050290837293330076042342275758832674613504985860515991695093393997340277482709115410748690488834873892772564936758600051102624115384533723893369269588224
12579099615000959326781980268635916135174187756675729521894661207293030792303139853
-180226817828751826398949078408593300868205
-89060005924027645033578569789120967960666606432913537867974637483069424205928507311
14305060274740450252841063196554730331068109514167887062789931707239655032679266757120694609730437218591202788174467470594228
105464763207819484141820505546784603376511668575469998925914010068407034144695571821109434790010362526251301412647362914712791
-353417590135541442643656084239227424198690
-741763478882830429066224904185994747664839
168006517658180732785731235983776723799739556981952134944032143641871749528931706896003655028583977575446499267735302659834960
-142549288527143687282534764614608614185845046932005046527072432593178757206977846888
100302091745556777926191541957601062932724931761969659260963508112832948724861635556414794084067516614369975118957252870173306
-957069862969214676153316823595254259450432675524315372977445385022118620812371057439497475136158335965223627615461415180150931
5126553700456296172956557582104306700314623663472771876162575159220781241216242742232
-3130900772040675557223829371962954350104747808335090507991587587537848824290724213887
28705195124877585165936392761643598902523158756430744716445576661700562467689363036856
-76026078403308854349600485971386108556816897586328758632986515411296086140003662626676
-8782296115742413180031297204327094476521
-135581017039281729302586801303292177453017742352496603628832106815664017056313279423516
-1115456822086974215715746572136806272412100200255083434411990324598930514434275080240992979136831612667656089387274338515038012159
-5654976515042490129757986192110723334036596
25498647015234970732345935560344079830095559854017229568391007520216260714813847377618
-322060399180737688471958428518396102654427842783568462569181037337108916033482571601637
315365711322643861836663046819973232107953234854011614777853335819908512145244224387579
-6884829478401618693279440725901478907254432
98674311307802020074633215073535534344578702850011997745504296248068558934445488673871952
8023403069904852433884713788185245833640697730557814383042291677770155584946168501646968
116233833253419611108989080138267395683798441
273121688320856063947339209859453500997229906873459443121912543502387248774993313990525416774272271516623342952345521404830534429235
-229264676923448517015145213895511944647019722
26657373821750835113099295769426099531101912248534519099527886179971064776593778321856764
-614400649632425501877091534466110182343215628
6217719842010839730967127209885420097172547865827700916147472615967510903744735425423665
13446799032744228879196212340745445143182733456673987140838854967079147831829958860551464337143839286993457806777222838039935609238967
936273321070287118515358731456846428382904199
-5566064029035117179531951563691947386151014867767996443752592718665076118920822218099853160244097208335890816819327124890112642366531
-156111894652538121635293896930075546545856550
1405649570600451612274077037335998672890202868
-644269693565811020036946349410689278519965623319645967942376402166635276885109194697482794
1027604327728037671933410200033970004719310233
-1286605729222949073328752994158327847567068713786282564432004663230206796567673553850997444
-7522969336622482322419217241622384011555469039
-106011514008978193253141333798272650074891839053398817487230483262721741385354131498784845
-2923619733731633828168890782990697283743195333
1293910979093330082767738595509350101479653260069911625076216996272722798818204020699534616
-1008547016145031836675313324319460234851662660218868458750963742324392403660324533429429764369
-3965359867510413602983798980019369567337559577042764430090885081518240003147012930345870787
-8937190289985883880020352598500896137285047381
-113252057974728817259055574627173094741844405115679170087571339041244590163906942706001406009
281829592101040160173375751276134816258012556428221353725581628603749171182401139367771772064
-18603467308240279187578550631265755648112672278
905253733986274182114652088172700855321266648560614544233701834019247032304523162304680686092
211342796783674850923095750489722170905950422206607155132026842013549057892057808239358544048839403926639795751938473864761870578316224967
-687477892666586731871629324622611478710920011915232057950867355976549242341136747418809087162
