3
-4
-2
0
-134
-9
8
-12
1
12
71
-1
-12
0
56
-1
-8
-34
-20
-13
617
-57
9
42
3
4
-13
-100
9
-63
19
6
7
-32
738
14832
47
-22
16
-18
631
-42
26
-1
-8
-133
31
23
11
8
-5
-364
-192
54
9
6
-63408
48
8
-73
-786
2870
250822643
15706
948
-109943
14
42
135795
-14732407
7801
1518109259308
1776876762
7
9140876533260
-5580330
817704
6677993533634
-3878837
1134538508782
19811629798
307615908564724
-136997918430
-7
-41180925716746
-24181593
-13
-611267131251757
-1591842962774727739830749814374694656
718491025926477259779
2968314988074098
4330890351319458451412448915053724842707737356513
5546916047067845161747832653098241
-107
-388632362312037447058108946086939072
8187188365878081279891213477453053056502106557790
4698387521818811549757813107783677930354048032
-20141942164459542938492239753178870
-1041319006970322906500358958954428465933487197195
1680107781276306847917498050250406420196655653588187009691051777021767714042
