3
-88
45
-11
2700
13
-2
-23
-68976
-384
1225
159
-9714
7921
190
24613
94
356
3220823520
22
349666
630
414810
-152550
1986062927
26075333
-11686965641505
3819
2937
-131073629798
-278132852736
24643768
75863243338
-12277270210
113558688
-2828025860778
38056
-1210593785
1523505400
294618690
31367
-181033
-7476017370
-101661
-5225128647
32691433251
-102143
212793717024
-64058588383
1016773
208792052142
-380528620475
-984230371395101460
2367162635915
-2860186
-4639652
3215644011442
7860147
-10451527024709
-19996786512561
349348197040098321453280479
-9866771
280995473984052061511
2369394469053019949946
286562933531542
-22394927
-93934874
24959908
-94315627
11025818
256109459306958687228907
-578285620834634641251278
7614029719570625
84854401
28585600456470184
4357631830825446220291431
29008048307994751
-120586212209225484
132883881283653972831673583
35206418262713979998906207419450434
668614355500358270
-244518500760230824
550783078
-3386117111
779228164
-5293675103039190214
6223579773252883865
-1520669159034352692
5748108697
3926342063
312590080059884142728347375619
-5930083191
-27769630264
54131591069891545669
1513232163613794736520696720535
-122689758263522100700
-157733684432684170633
24366906665758425781060520683906
987319222940925393377
278575994647721111964
-1536423276732471926036
-6867405229847450193592
8917635397393650624690
144300006091
-36830172027269304632825793493779463719566614962508298211
14940452575
384689839180
-24062757881594154004549
-660419893257
-54462817911383094266627
72941667608647274372617
1420455869089673179019229
3472316600946
-1376321661587
18452854024059659263539
-4289784623760
886788597824428218163540847860823435
3392697159589000635960289
2679642347615
2757040731807786638397358
7208862100709242650796819
-12769920282767119955948072
-60467912841566261912729394
-72144841916066959997960735
-12465243630802
5707069668434405544336408689443432727575
-14201647730752127173529386181496912296261
-94752257670332524293141426
8840127607757
117376815490135
3657362405725688597696500046
-89364402613900
-155276686939999
-12228457203770596472213916783
377244141321588
-6328689301499596614969790662450150506623611
435409066235259293977309068
-189935838371480081467408491879
-7906255394334629961169772206
-504620834455103
188199134114043625224496477726331891059273122
1971325002805897771704473432239
-354555639926229
-97957534022630921571857861710670122421958158
4399107485507449
1054254859048802243658178268932
-6332670197971690297051965013484
7446258903992852841450464022239
7830300186105024
15693891241282796580439712080066
34610324458132494180024216336650094701067183953777656721990656
12287355707939921
-14659832507276357
12356127995470803470756717575464374966791110607
90264896425293064736267940336937
-3930551654733849612847676130359292029406295304467
717955422104806148003078000072941901629106418771
1147851967454797767108791682109082
601142011104796482968279554872333
2553083870069931067978687355442050
-956875960976414366805904246062277505383803514570996494496042042880
180705563210386665
-11854449821353842457518555714371315
34049120352259086321813034885292562
-93739545304260855009280277711410408440534253904805574051860898680
1331762086639124811
-583904722520976684042150984806681349682051271147000107930479958681740
-366986102324373277621893815897920
54826692407284852410551383067554734
-505797441345347243525200358296242294
265518038194670135488694583953345360047295885780375918087537236040121537
-102697805793152323
-1453667557154139826140321937328021790
-1355747823702555530466767141943280830
-272188768933658588517303282221710410586755795427719604
-1291634295866633987671003346147202481
12730719705096904001350566939555374888
55707974336232675940460409036187609377019658046255797018
29826553553294732402489989247264515754
-13401309835328657434
-11288935694751351401214055141098856043
-69971727922437605227959057653779326516
-332014260670393448223655871183670261813
7537740883468248169
-844627683520845791000797931577122393060969963751366032610
-93106344833746748610180971952210551300
477496316410665401512135535007557396674
-936100655023751076523463993499496875644
-33539988773737004934
-10380992436709486319
-1745847376326583583380630355813833175661
8353234675804399140590013170729734846683
8526947417924173547020513922300447575303
655183738074853811947097847081247816560
2213658713133957381819670431370696886103021815607335782572359
12510162677687526772492912029127152783421
-100166018304419786275455995906801829324082
1776276571478248167630870201275793660131950135084130630120050
-227556596279774808846861876977507637527661
1660809942693394501569
40250281399020745051301121422618053351692619784277096960116656
-73496428913531620006193073775474674561301111274792921281972717
542374867383396959382454532401283798337322
228257414935792818524497227749612315081104
3151329964009603792922633640314314826872739
5032017097248767545512
-4600759287280800316731
-17190440307087601858515238119239459872612082
2706727466786637795466
22460801886210480324091661672151723552976473
23498855486899393336443768287352146724803166
-5292091759470012296245
-89454433069628169812902313085336133052846552
57235507822301863209747669264672971151104615
-2804648301072684375216
399136442329340522569084846483612789132806076
21653534980984662949787502143018480279065835
900542944057110093158881513452441193328136626
395600196568913171085902518365554575162748957
-18330243320028217990179405966614089954106374188637994007059326081438
-13695745478684976688352492392901755542313054363866551934602171881145
-51106878219129316824691
607205990162158607181277222804825090256215374288069510654640940022328
9916032716408405342105802963682741943330634688
32101125193225567988269984247297790261313454757
16855228597777068975413729235074946158068267533
-289321778739520295389234449911284826014059958900107007747450629076031
-34663287043096025723556903402392459421809581463189817576562199177389153
798003509549287833640980
-498526639631388166357613
-103934155096385110750631392715050056300400518122676054551211986013326237
-1103048810752881143838097
108260670756472684882736692754406096958214374879884475546043634756766565
-116169629706750193785031294890798626842308872731
-1629119948253035184183698
9880144664915653785308965513831883879259572129670
6059134635845398196828545
-3746302350827726672803957035567346163468708764025888807506386047940335327812404725760668334237696
1540072872333227395049510473191812390973260782509
572576944370532580281532903650594538595664476334829234635197502104588774076938967985177854716752585210898775283124540402300
26922943109264885889137708806483608330738066076809
75038446391400284762448801205190595509119030998018
-130900528460953017687968403533358691090843144244194
-85132788026799471720489183481451142332365273190861
-224701035030264862274035550796657472409539041671252
69160419947537034623778267000840741692265931360821
-350303758548972193163867858095339738007160267307912
-122779650970598848333066784
-92520914874134162594354815
-2037988932532272973037713392580412132401567495466036
-2048262648956536379452953951807441023258201327229008
1845549233165723498895658466140046908098711585888183
3623939270198147838725558111409192179132731291142280
-22984712228737385909266205203533059370802353414545480
12998682928590095869601697268649270465347921137434486
1519580023405121506673899970871335068774508343693112839505479267304734412052677
260997458365267173463679571
30054513907892585766338727
225511414389054843444165222705075452974268178835141437276158534840334792189192246181768905564731997681503616
-1235057050149829244213564266
-81844976289397023564177014555520943529421420009160363
-30564253046757855139720938644522251954448232324845866356304245246546276152403686063453111038559400622983160
309471867271900221332696284186822590842054792930119495349293468734869135431787370
-112208308836523340785315081922713242943170552889649960279494867917352303742853116843779383314326764942011546237381722973767618471237064
-1532854162995632431516688807
32701712969124714197491389015563464553914482997429918139162969551562518108406150097505777966310459175389068539133514883791820721244543
-166931978985189377011142900748861551165558602204408541
-5140823025806685914617894609
-3113666783415605130455810180750639114780798535494123828856283747101565840379794016
-3743655071363338118278650349970586702676480912946904201
-4615649081645559872243316539
-20903861884494418605578338476
2377533141301099800968575516
10397511278708352388037494352
-2665612771138544227951968063
-29531785507814754645650464084933127543982559620542406962
3135362606226782728979873526258704323842977497244457933794383966296540254700668612098
39904923105390712703971831347
-48758705967325052488047485583
-52607766639025506795737432265872159802941033653410696902164312773981734940071435283694494593985231384006036408540
5815958732884467607123840045969420554620468056288848783644
322172861233705860826848879336610897310372558324795076197672057632259872604746313874986
-467078754817238308965144437067286217725664579442320095418031824934278598229780590605780
-44951222576325979090149349424543785283658204846713664387462
8948400130451267174303825222509391543735591911528281341968579026111298154792123083751933445403388951072954514908948
47192441660793225737316021021641753588119765788926444358204
-296433965693426241924314932026
-6848243709557927366200538421339974293932814359563638070117161929481474649410478672480842109921213526625356023105465
41235913551338394043857248867634610039514484870020896352981849207261015144892161224020159
202604600044069214646622899319379793978303031470209268618905
-1611504530835925950248347592779
127575393986318402414082933646084472332414755097736560330480
188718466132238339243790097354597428162610585659200611190477
-536034890355029882926551862276175058773863403653057578115828
-158318195298788597276868450630239306847378806207433331670645
-2296032450398265450103350333109733833775865725986085801914285
3828622379169488657645725982997889739030753050369038000666475
17597977179714315608148739347300471517576055703940596378442409
-3999525080500931952982575612510
47844820383132834645218698323881897501809419985760159384596649
1351032542030243347325225505002422423736083794378401248491890201889165009003043103868690613916817176238904855900763688872448
-124716299731274175214710794950874856627386974728438387470606001
-106637606233019748266646275241695162589197558780745722138658366
-31445749335190744248891448871501
3173701130859327458845579991761994625265051815061317039982760016616902273675025397389923112028
636756990869773582843203130542840509030531001689355356958674861
242833528563250974610412187319307101536336076796559157369531558
-28291877819811713247160959408231902456556025341676320397987435
24359526576997354538380442637913845809818087036825875126877880232379816498035230549870640906402
63199209936764446539732788497308
-11211592781137098908693173112360824635762573594585065299543241240
-1385160675635360766180973448200868616548578681144519800928420362921472836425279209520498253505280
77533539565022111390964902809212
598192847097159320295278574877449290779266735248112448591697127
37006001522354760782224196852934370539125581353284440452219761158
-18641500868499373475415509323626491949969711065430838558051386701
3030464863351453941387973555392505171444699495559583707729224044452846469529675559949711940398166
-225985207905403288596141255112340605657521706351329063075675398076
-27051724989083582306429938095876579948209349835608709838673354962
227180869324371242260829377259977
-520346304349622103647672886820439973072238680267578670851501810433
204436029356771105845786024459189896584734124525933649165615135514
-2709648219988746816191484704194829
1484951786884605265116813656965367
-2719098023392818960126955738632028561895661427152924018646036573212
5996880336894013831231544969621891309475550910038833025339281527300
-2132336394333568348097191281708887
-2931040198458397479941227544767275325268851083748721422162100897129
9071530737680873963877803552727166259755409224575964479208242501396
-4125667184846613557178758124679575
9393401151097971749394359325073272134757164666633434631210457307396615543140333383975494695287085687572743525961970654647919470651438406370842883931357496890385996026999
22719622297216196081505906557457244481187691834506644666814956224471
3505292265792891495795842263871491
-208170966128347900308482432115409163391646621633192733159894472029595
-5640407024478638554784843514357488532820013823343667588162905661899759608075847665358526354061712505945
-55235937667535697745675882074627200
5475063850654598606008608904019009896636279983921450795251825264748217124304281301749513813148532663513473638239849551932662086598332553
-751250361056785733923712454540958829891792459525433826243418915021488
470406150823277877440116786359596235905719150305403067258064091804403
-124857668804227813187343664592721098
450772035839573461021384193007042289703362959959377719975253251230669
1222939756420507702804746809677484813670864837292261798148056491303074
7030944825539140759217927125282060935317402007110347840472375483515416
-145072834400724660494022307209660379
412667936009041372319203657983825869
-487980777558582295487569938434148987759410199353986753099269318978509118824267282382295833111046925775201462813582949139922576685751076081460
214943368063374997441163180038981825865918915973598551810542704689515024
-346714922230987923124237052892550262967573808768343782887609393791275837
-290786335262397484701098646660738299530771544071448391687045730108683255
-75051062961053160444251262345630812153975729133572540297740639104603157786726282989242191028929986979797110
21025993411455872345746792141089484845392876158928457785863640832131470150242263485490062865575795313145481
1113930381499201290767615825930536619360559361191252299517654978527511005
-1078367457976341421443811258239313109683708952149925148866670613209015008
-1402484648451736009714322529990293663225806836845490381395043582457622280
-840585878937069819377592552536940811673121053828233242809579824540637078835375905004324038490498067439667792
-5343232652472151716777994922373978004036226003087342338024305954668480726
-3532810787423177466063211643166271575
17471768799783730758646129264587208558840517893305848710089589703180429018
2333470707961180567026910746801551378715775520461667402614864335096408696
-36955952434345334373773934363263511150313816055257070457158619354153680509
69155370444557089043948399025892301479163028728957506966761184623659854161
-27323533187185453466921287554268567150477678279308745044577294961699415711
110248902417781673693013820555016110554046489938722217620293856997317321717
37952904980722794760607788947369681418166817079047397821435141437748981227
-371434611179827863986938112549336998719927584328715156420107802505913834146
71054231289226820327841627497223630801
686062723068851507851554307028495131937165495536902600308978616861012072427
-49653657493763124701310078684961712625704674473328713833986791630894068994327950913619231596409539948130392630949
-70893249915852047011377977684778428895298251038199827172537243898582297462321976382446600397888707096586767132112
1947938861623355613748509693442867876177156133411194200998052628858269204734
-33752064630925959866118299282115787010573869451450264336108996715037980688071407262807501321616567160745365493670
-636017137450086788020731930339343255760657956907367780975268876268081071929379605254204578641414408489221000598828
-10686938698119410377651223698513010455154672074426825716789121264273860235189
25137099570339580947854402754215868950939436115667549528267201451708783559274
-322384397266497347698280986358236940624
-781647505152053289504663002406096131825
-147865791065491792046730123181253284080286674170556278654146729327661216511270
7598693329586395976550811264504083441167581089907566051867009917763064656804
-35646314946696537330334467858554106181690419293618867294669773929243374104486
-254767455740537182320769003713111632696573859138046059027499324825688432145692
-1330508497945229868061495645396626017563
-1810073149200589327934718698063213534610
49373933396753251180620777850651644254247703787044077809923848554772924938882
612943334290588705770813751929564563803132384056195700834053353896138745015021
3598278065118406276740455533274123867877
3643175281123136879972854315898963070213839493532355254192154607991521352464148
3992272452651618650989098554708206167492901767137661145035711601794106976140286249748913179926037140697409628531438084
71574042115212265464453555458695852358039914161814289702971599072952456688009937192100191721610499241627336273858013234993160710070837203424006726165396388078237556611199277812537715306685487628439400279994955539287852346024866776011037
-436207186539572407174240930314803629659565525219541664808433454327007324738170004564798322094559685880249442543874677875724768357057186997449547457122486208536
245367281752269931619831558640954235577248359902117353898930587690028219159422619794054141139937753396058007515824538845
89172249076755216099772104356089729512550289423894794067744711552310449294576236
1499070129528195769895997164674528620142897328256413011376310761866680339507376
952216756351156973620747730788115985226634011971650412063784192165559643673567813054183597150031047869683656420169726333
-29398049887634662154233304518863794534527441182745185470727170308760853844043900
6206235282141056921277832366028646123788089578315767637822430122959277089049926584545678650775672949093049712595040572136039734850764250726668700052115548160
-196166492693094863844516546961822929091984963897566954888139829860536286723101396809166220302938595868409979677250056280
8232812847903686773918590823639694604682
49492231935316606893944963092497259654473533132091877085423512878098361766797519
178304713215755921649435743660800916181789910368392761409430737769442811793350903
-1961147988425466511400119270393033823960442597885330318582390915360260596631576487
-90824021253268423451407156494084848175369217102845922896509239542385643891196585210019095149693638582005806898943671319045
7639719973838118162859267753296697323929974105324535986910668255723528828353368507
151208779815269044936037160709281742832529
-7760726733780199681399800250805610792692559241907810812676376093303948331417760984
-1482332869438632301842176837525398548857440051533677614849118548844134415182761476
-5871883752666785549050811609024418166436867046504793153578398240252207110734040234011205316982874030453791258106431232587977
-208711402271713665132494997652463151126279081406137218380568304805718744466916243490739331838737234783148461818531344201312103352440727904860783223114185020410118775562969403735389017609760267247216927176594
-1350595826089460678495836976683079245847490544169668368233893885153462983493300417377060019979076103904910967338556625028450
939951302132943788797939797190099556313680
-939115247815337885184914808873940103255368
219138226191788986057926831002102259883723686593773320390694388196626590416655104797
-252094850169466619294992743962039075237400596619565673993406198439417923788534089741016459324286887929718096520213920175625717
2386938265303268807396313635543941117955994
-547550222770284926229297321013012358657104344118307318004140252976954627204222660870
-3898444904915591855275212685791170892135060619895959653174830076233473679265318461642
563482184643068623423454546659418891298795
1735006747037421613773071507473395421622859106552432633892756597096604218717772012362173319439143829670447681091231494641557174
-370644883529630555838579474450594610155363688271661086267200539058319138534084895334624094215585862063560558716445288916760543342387986886713916370448081243748066358
3785775077907806025689115425668173740568595890932758873712356638954587821424147300945
-3676444954604176527570581603905723613447792338363002654159219538286281629934508554833696583841098752976159726501835067339878232352988572314049228573938344742505573403604341061353456826069018320458987091647305773582
-2122247124793864313966868380994545745978187320755281228406804314591646628279327208294523504694029099225494997023101658776003643370649440781458357209530175035251087714385922026078655987173893094277187151060765170966028142485641763810324430663287314991775163
-126403484522435792969362197960058471652226952464376812291198370692936018931573790648374
-136322725069334294053357608193377544716785596650018101090755934379803927151520654698439948820890295631851800422654734118920697176
18319284258722816568336382039056549907803573
7336413164092688146919162479712079416698966838720033123667965991540197030648480365636
18654852772843307734339642507382201663359613540711170548211239629729952525673434626314
473730575216374302835978532250726949723425152862924262174927618469811742134883455966788
892937759907617906965114339771779181463327450578616409102486116156732278803289339018928826387830548680041605259334695470883956185212926256475295137727583121221314444630396404466239969704027898098876406970708831801446
2072425907144287135197594039274066014246929871917269189642290123312695093051235347430302
144338963816723755484561226920335386208983015579366424792334420177899131303627223088631168070502533663231471555520780044905229349884
725444244773076939893307001192373359140242946091587748197855145548381537279531921044088
-12032021437624508585265244638477390895994560109948721535228944054845767614954338116530385
6767231072728673922995817361961768252629460551494452982438896144579968204363015925731379
155712374825340786773413002939542084689798974
-12824806431175900107660548378312871710831960213018170208602928517224001219542492291992811
49065957604573399630490738508593743786701319072871660839636889704475050455948005495356161
-70817202286999096898932249429078248264364993368217905968202901965764835164390994030146953
90676114970512755086046064017979210392330113
1385530053192278878557315967767788034313195220338941157370186994340217054558148495732732319424356506319484220911258455952086695086531
-29568225203881300390664073028559955066513145808841841976358730100575298503712195375952365
101528585810542526672556358750705140578982536575665686714521806886087570589568552702188035
10372007679326709290917237671330226273610204738175365061336325765130000622445087243882232719938503414445562681130717793349500182132457517380262465714774663993972946381440622874458
521876610550534868711038181398633490380339067
-615024774421141164709370377813062574394998807
270088032793882196037606703584364764806113341759788494240762256951830036513401197240981716
3212225847146154412692337949798951605358517202673820971843238484837253470271819279215770104
3615735139361083932061225482969287311777684574
-45329679192827999128448690306479639822915808913330899345388011918922873298174385502189282338609707653537153580011582037137619518372622438
-2491758889263003373835977838543314634059253064278523085406266112455934739570602990624221750
10006688396601301232712099890343785627776364100246275018514681614736866488685429704321808234
63850615971013475055183521514035757809263999511258954435716998889461492480076136776365328961
268573679802970981945229836255588845686263950310861413415332981226897575104976313289503122253731422391167960745061906616429604095710629341
36791601480579473310377600999325556946611302874291025142134619339898126278891350796305873407
22777098868677052715916526038665058050931070317440260616558451035063625675132752002395672758
2237958869562598886229378852734294116695080297
-370134340733076177913477425325219875725206097057848877766129820100593572692740207799239443162344967385930475473349837609133897576182744343
290994359377321182462499562829723363350491613211095122243953336032847391577532758854221084684
-1400037750525528623239695196866194772018993864324460475192471509376382254300490472231945769742
-1473463358452722300538879249543450650826635165477382455821957925531227936178304924465802656518354748490101022780334816197313644885492902835660267307136856427685570943980696957865278541475
-4484678982884798273455224515552939236450099051585587999397103602401618335491965741942779522802
161903512463538741363346107282127798577939175168030571819272286945650617755161847360983391841046875699390627237535612650497829522434285868987
8409699107466274600177593688770191882239210152918613272791468741107034885680356518725461591504
-37601458579366054305492216698977487611279160445
19546781913827093408818846792211592034143748630088496100711072889124792625474745253120614172819
-68868134852781870588167685192708167324593680600572543572296360428708121662194829458990347913931288749866523742609935712846018022312817932751
-12411420229199778520031958914632910556708596370299670132848346690361730726843001729183341022319
928109670295479840074695080010320130896022595358
37427152178006508905643746214500239145706168388074803585876101609448658887963119696295162372782
-10516618299166548654007684058343613507227066259359122973731572296147247271081219429162386752812
157247095179233676186041937876190922903377456375448930294205381345236980290254331220233949684591
-177694590285382983761405185363993781329147898289365340061385514831161850952210132769925644234240
947502282088858391116511066633610612464421004360694125186541192257033899151368782593946115682386
-213295175547796790710243501283140425251209507844726230478531344891998860021777094478839510812202
2401079763943730817661933054210653124374756072269559590538253791613777319880737287648747659102907
-35708764029541826060548644183027338699135291663082522007578433340899064154465931749304037103532
-6461356772571793364717499655750122019464719837324029318003828573707249123640411006384295914639154
9080423503727466837097103439725379041619972312770
8926992319427885664075196328405791614511352005441925785955254903755830319373054891260996019381035
6850741795301226956311126610936660763762861684234
14020222453626778270660483858868512879776084373664240886388959066835811966487587075570145124316695
-42675720652247448855800275667655825243444875753599207437383245378416832189940113714966389909612404929597037244745974887917307904053750300211979174
-216049500569117314876474562878089988385051552100937212319827066329847591937489887225642228180705965772633478907430771868524181596179308927768761276
11249491047284204846124804835273527636130112690574
295652510474613072077149792431501191599256548197240435407628252329469104807418042671121428059317703
5002727647517270181840089567717073391710193375008498246057253286791364722084590698188667789962125252070630382726110643296603470117271374201006504084900587173606059656747931049210613409260287405824
31459152221038124637446050009937078976140635258697987250085108795561935263764002351259081616684344491761899914365317733761285431293852957638049758684859057056495152683623902049015726579206605042760
-1919911885206013945116462622215641178610924224892238261074391118240115239025232850192130140479090608602712893359818430388149821834159817354473244241
655426498772846760103978396779297217651603170397981854632291731383391958137240401199743118195090964266303414203113171712836665386367406720479726007
167685660471172361967383297648178640655556894725687397099123469675281476280176842372033307606844508116781850482071551296413744748118547702850446343965
-15678257956024786585994404651321119235147340014901
100650891221485589352826071767880106946597181345128
-16489352866304789414810886676568129189136140952359
136335016630356348520479375571488874817507860671847055672260969344362700214213575867657376455462081090686789848849960390833811484661685074804736749705867792310893884757766073958332705866215687976190
43110185483627484151520931272029647460955252662331086707413516801489517139245441264445908578217963726
-7020891331089105212636076535607268876422850900312174494353578005047577739694389636223870394629810596
-56430014604141496913483694964740876574426868356928615615810585961501460187467389136551130407013410737
1772165758479114248160997890515091882040185132710575936033980171554513128266093989072797871219602543
-7012831232303528992245111582559241773114204046816971372174255400092136389797268254401998197966752385079260585763320260777274958595940534411564016881170106238380655419265343220975985889414903356169369160
-7586479369786103119531911522187384411782439520634210339218860281593229798300281772077217577842441150
-114423950892464229188410664067432546277621038670515459508681247141736216462948608634342995734902069152
-1294965866379149832242700831774400942358676353055683005320904700088747546606946768142210572702268441572409182344651779143977925629101592386338549946156616105906152477412185373878105895945618374614846635
461694145268847613532054078003553576700333580745170243823374050185773883438458457216928007975590109746
-17564939877984236938860350072472226528332541302155496247040357211351487527055846251507311914532386242
-555371369783856525910845210966126077646191060965564521990778492324020496508046528843440052323529324693
553183309675047550511640773924052659289007948998047713576564609743392839571273990426156397756920998853568152549932250958261353401944065132164875470431391582709957577986049577650786040477183169930885982800
-35904340337241871485184599358538160453574798847138029317882249124493786752816153164561774745106233046097639328758143237394990110316869770478702077650793285665798217248476232601378329934516163987911318800
678632142144340096006356674277533065683681894336307
-5608619782297304624629188967492084911146136609748897380126943731970334141751523098972687375647195198597555270905243346613841087991874515709141236265450975
-1016002741548172730200575111559310388351647083979821
-20022251686470340711124928317869566297603136709659522006403853716560216414684591675092403556595178426394898499845302671075412908416349255873957859048032248
-372169126482724898880938622017811968419245391501107472234512006122198808824969749090829765013388570761417217560849539727740579277742167251393841574080714699
-100277728894313382718421824949866504645156451409457702235431481881045190301729097543505396348603457683370
-6336788100599190434990486158171413318217141186139639
2068164258120298937957625816329078237906871485326083962536442858755408340081858932647623103766480360326
248970995243092446961457495453400525444960772015883930676420215222100891713490675062045685368903876870382
185879641808168639451623554047545057060010959018416035509953598353375585364454688247341289245031354258831953988407390414937267559124301894871957617355721255549943294960090839329443888323251006994017974270206344
239959426709080484239446236932636738270685060480170630315069708693361361733853068671187216456398106266679
-2990818696429380208979872702463207150180874612022177941640543708799604595220213918557435791002505436852142217936665932207354600986224559676520259909615658643
-1431238333189627187511447450503126369151565352237437438386807796180469239525699877919967408052162953526302
3446858240957484931414770357950761404988611212978117022725483384911822724771304375235341628646489070496241
-1657097403328987521902627739904442276636306562042092060307346237347760566088295989783804437222394254081428
141917230692299808521304446021455231195620440333704053803536800741757436997042497664603287775260603295548263552101086021776412277347495921053097732993676239576
-88724742656743032544369147945604185233502956364418373
-11435471765011393333808117409984263660641125411453547593227538586473505161387713451727510325045789503919850
-215857642314447249057282614708811492677074833419090331083130374564365971230141699845851577422704304642784573065661102020462772135770344444299827114308526770818694857152508975332861595181896726002354517660180800053
7531565572841779454309348026433699309042456957432077065668236325696520989591331408397632643001722494715569
-57686143518432897372642865009449921233951786766468117307106121277043136565234720839009332285514404303637770
5061193397171761862795003913929840635010034620091342532373054502826958132247527179222817625896164081666034
-46695845214002295340580655149201497890188414062089367649466058401027331132094346065705165005833514060047987194957482595250224534318662705317950350981427856160180
-2023203946861647868508931589029251960280212166727159780562800991209162880544567132259973255166028621989432
41011964312912990087062937468845000773567042015041858737779377995242841306519505774830140685126091952075393
-355888895304722831380592060693449019003081909785167320195946519802795208317196577131859640769394338162538666458128434898209721647140205972045311470170228811593593
-466099267779198640696663003172849922701073893873121352
-1092275676885680484763475633998137014322161936352120824620818156682112153835252150334040834988210550281815656
1224067527870999094360805745423149413085443776520875508086670861332832222677430212178207449361468642551772982046557781167897606876970913991094783907087616785065520
-1359578677120326406078044815794280378316916192979106398629048535115873622780429550044024317478258108150966799790635806067589886276074706780632036373711350117531056
410243386280500216363700682672245566649471075583813054694783467577396960975556236492393379074274222014392975
13582384022936292866788640000883806614199150163773633773
5911799571553397182620790355694001575766382692404896598
-10522487602970317530368682736399269137555586416902194908552711707726231351074058083251474517699583561281903419
-12568368552911532187211829037707604396961230550800181456993577753432441015442103500956624091997741547778578816
-64815691971668234302265365577341690235263685974317673048107165558076569354489690335581219613133516328279928003909933352995347017478623477810061467311141311703270271772815790284314571044275471473338760836135357973498363719671371548737439770319228741525100788194606450805577505774432738339231650698388745602528674250576537651534431
-13287547529562739852997630176873242836025725663281699030
71623067537705097942097771277697937418445067361247615339939965188575592316821162494683897326492316857171849804
-9516065164500159230861405133859700069609786714623562591
-7292486047018331855736559585117909562779642692547786968
266566028787432451701193683253220487170897311774431009897182872243873570952503622401317684593766912841694466672
54917776468608296462848414310429501323317683397884862269
-107908257122615340310916670280817594112466529065514661592483275575407892783295985596180340786089206393244941799195000141431404655327558327046848073174128487397650381264242466682253317248151586046243612340319353325842532093
-219766744003725915819453045652195094584166342211561581066578391744258101633306885239625243756425867951424386250
-2138292299091068978166633245650950151960286041024856258702296704489225635489775996218748498266398413644120849499
426786175251004848318884813000980973569602469641262234884452178602775643967027303326904158201405235094624872003
104125232215119984901883043718948032223757548391673734387771228179002257033079866346087808940438224144900262521343239405375937347115077620480721652852627370212837632407367811281668938387033671071821909932502254719591263713467
-17912748351550106337831263286250164349818098949838497025891674024879270721511355493062386532667296543712242339666
-692158801887110624229113357560154041990448696568715611040605226266949452119523606364693343356160702307375261894279415355194866086816367870460731326678997230693489523228581134414931469339547719664605182272091317948232989809810
-11886414005272535103433944797362107506280134245496694715417032826110128062947745077966599870974261178173746004413
-81140603814675033122906232385600848062461255954770421120
-104631134034867794910454886122559744080561556068893418465694362840956959796783327755699240269697483206599761257861
3392410621792713522755422700857051148406034798659039099567396341301303974737941065260550011735596792453599130365049253209892496740798477417644063627134653122651598998097056305491894131585142260249609175224135432316674749662500
7771655846690099527078470753776551119351349876968684076590849856790147473166256830164008891923127089294206174974
-46400577576642312478550526932438484313162763255891963604165081262265555250392845487720211202901179368951029079686518040058968533509751773463193208532391275740601108502497
-550450796852390899099493565828229583591837154710256177474429640542689156695074492896893164786680924422519741572044
2883985633112494374596837473693437918006207362697296421644931668329942968879170438041622695866222104104550707694390
1778120062295979737107345058343810387321049121672550254966088759760175894483465989315289371772484904301875836491927
67209685885153833951504025638015880736866103380615920511954670571841415080029193644587109168359229660724349508937582159255039594568458305771078881398558336158099348113104
-1616297613058270102904584656371228636983185835430737628198440970129158908585938733399459014343364297379810254348485
-397636968909492593935697108116274181109331528508545026950788845418376740114318228798264764382031335592305117634385228513260676312529613015456476736127797192332252140506545210993268746440936133870781664853386585439412028097262384
1170579795754774305948150312699971908170703309001026438322
-17048369207584717687803670084552316932146954396593930157201002828214642126305092116091266332059915245645381414012491071266185716298380351636980418507034590596402141590221952
302283250843820122887484519012952914653494226262892820805537089233512929114291627562007674350351509501976743388528196908899464464831566806443131928002273944892559997767615883269747393189618019858432964811659784521658327498404095440
-13119622148888080437684581407289530935327641535338333410012699825480841822980098455616821960089376889762435444288508
661454449238899809520008645315723719513518386679813111959628321142640187165699387830570084336730143070267456019364071025817313079189756082676623458252147363439423428847421027
-716155234401870567009628874293657565822011747708582837548075730818901757066115031210465010579782887580698652458138658326321357686315508193461319741654899109573411253672053266
1340673579305328828448188377455454671643077108778113681428179671386133925271600799794741055958832837322912091880241150743847958717636944552761659761516670164759791620018297888
-36503204585374731259360875089041626980805312039849682315971
4022822655068908851014863464026991731561523604657120936181010564609441582671834160477622688588227332970852672865573661949618235526990045118523795336604089400047764425673217346
15907091952291060131274619298873221531033226408342937253276
67324936980692765611246881519284818360997994827786216446779912031535299756111510457251475447315633318313191375907741
-1997844397383819680882979078204562242810716141903482974289315635148407815885177812656055460609660878397305573501290449083975814956254378303237171078459873625558567333282701564
7889704954858121467469099058252419446846951675432219967059656343319599340471135697314142000225012302533160735001013474
70581120455975463256980816783551759411027613616574904977109038833399644390713545689122373273470404960856497749677633338478458218986656251983173817221582168385952685158010780787279901378386323610511835816032632128200168960496951630727576187909557978964131256026002242396967229782434266456328225
1281633059814883771320558701620277855600547407402807752251585417008417992518008993160307998358901617358108639250153334
493351885319573055244656044499986354775850984053409507445544450272655208229074449057229274399707217017847303031344466563666689321623762931126932836679679722993305406207579415
85607756940956843948314637617045779130642161145530022832370856005062473620939587107714194016553621481400180030498182616199878651097394185785415114650811475064419821818642752720331077254500301344616589120671380651106328115836138392114605290752068637946517062593533749309199281099225389835373036630407281023640923857555060161317533465334042145620824917885583432852817838918766206079691380263753731582213370380069057106969414476401647531667765477441341408936435335883700495959296756721180179151759081109911921779020073907306979927087103458119474984696574757377028445794675350011363672325194
-514600286649738325262799627320341613441631140818521678038670814109183165825230947569849809188705302535295665823581395457503859323015022257898743588454160491780980267596480343050733676280527137727320103012035271986742929802295112138024647145636383708984029522997854453133687751687320671379565722
-202591866408632573970956258226833243256644411835400600966825
30218096154411792048045234539642965063939326946804250242880357570156388282349305615651870969917547993761151659111531531
122018340829178300206191995711084461382597912997773784302464705822485471416080412628712872063378180729240813521113759329
156111009260053939102263590100277734064006088009993049689843582953473847837659086779948718967116054114134188599118304870
517504749473802562512847363048557425949800037780188624634216539328209865160105088567872528349848442670255939222679348093
376629749308917525005142395129421227366307062029577121113731646061943721205825245193096064604631150827953563953801054544
270030696430616863077149155122534249975025669100049776147720823542515983319843346717384269726392247841257456121036982140
2632473928118066984722919902058149177857305075893326760115073
223048269175034303965447891167513232044233762262253361236749
-4135801641335362532458380004799925221813387764022020791752479110968625736316070188643843816717861850416016206400133212162
1687761967591160845060081808081423707213776688747935294580951921232670524323604548741035025280426813262482332229226309263586527914471656825932888222317329348256050615328280677842462549617878303515094974549590970020659960518410313682645754532381002261417361401590314053963267860328742419785727277188226
4566930627291582570716903011865750274631361304264652697356042
-4262969424437803598935790507458154967830733686256186483109853
-783417747301121183745731437084916163512798730885032316248361007173590329596884469310151816022535490613272423483397164442625042601298997342209124915278677941824466524804318114374455
7906564949522977417643481000201805573562099736173103527399894
-23075412732835671303854177401161274510528990858116709184677747
2746111968448443373168425682230541701616107521062615401068158710294562984534568347636786406540713253958948201787749736650121849931086085243227179348778057441986651122684004351544643590094536985831625503218187033457841621335199787011341990889769
-1325542426918202040305316187272179204640138364695107410368690582788746594893540425464695739984916127957935216719311623787120455752776461457424109551539905984830199484746678101663488785
-221169689018110175800408657828774419198612273999151177950448289149506608116103988978951301607063238910832561212181387089881
-78328187945089370281306613210554588078840447538678189604690422946908381922274995894456965157962932581065320361172203036766
-45225897936063084268650488130285116678571234805964196803259342032573140874008130714329576436158105744296465126486248426205
68545867412009394318534595796425744235245447345434042943083852
38543402936550121070376188039207482880289848303832532381246010
-2990576044713864252789260521138723300943850904137907200692978024905795822096268701380096787130706986588784966343872416251816443577832007475066313570147678362405821400793363990167876700
-153398079055582373246947814447824276751675808948840258168488431786145983970083174847281100441423251925957011629880380491834
2938820819270467704110334676946362925001096123602100679616154619413393313166233922488027201553187336962290542740960446206836
329418780524365456256062435951536117036757857629744594484601660973915957291691411302364056116565382531032700021779809742680000612746427907756851257722447934571053865258930498283479659536259947988269005484091908176045612384321103486679348046959464
-47349307979087307989842674678982396285091656644681854599059687147670573793249063982046204245118372036133047270565964383659660508755744093453368620665357183103963819457550318976312265945
-22652582070074231213875743773859009386467340485141494674647380292399597266548445672553020816053154268165577272354259985641493
7210556517716583504795024040005128608449533904845990662909883717136637104357040086781871395560391794546855517846739494479106829757249195978719761886439866205119122477134244917518798494580
2208263362125259704222304282201961058989227702155376648773130086925344019502261320192153816478448112256441259469438792312570654607858647265693464341389200353431589888576958803386985785111
-80971845209641480972719695723293707618231023318380659165545752383598634821874800063003728244010036893040352829071267462768328
-87424931596771722873637313518427464201536170692465552535603740959216447386285452265636020956368327730062611937853713790952803
287936310669721693725403089618926152873584909600199136432630873922875854880755978206849756054184628588913005313938607714761954
29884842862143382459786119237883095766063399395048113999165700477898484409525137329281406375145224355163653316503438845150407
-75381500400745036629929089233810263669491404256008168967503817975982011643935049033061684248409627612553439847594420731078035697621516707684676402916720157698777274783035152784270525236444694568699116810944841337850789079069956273265930249508308725472
-523597653621967039953286448868550273148573283771694917680277894104758314617141350573945842529900437681321342454312256054037206
1136278366478194916602250969832509081150929841222068097638411698
648475068295239852905836316540383670981253664315977303119167696570973706847536200404728191997883762137951663788632496278113451780452649811794833630178540448384254222017994198627628004316690625531211567753627027790933589539149019807925354381518827079248
13927680901772211128005533230827141259737458618110815279432783813100606011035694852785283669152113409788094523628831153631515725242549577851942328509386431255285560752479146375707266816088433190022650821141584372980840305800496982271784778921956723449707519204764591062381391504004004069863937781515722134607959456878
1143234197398625124874661833452226859483537651491633375623582306379248668717705407440184177502497789258195336514715097843085268
-1361870490919108665093465877039794182507768929343591038547707288
-15333455297815853668636273054662026945972102340305585848217163120937850612188376363211398872937761728410453382822935954834173921
1577986446576387781364236749667690557360817532509254488525508224302286354581938896033476688426708642162865133057946078725001354052762289376459062471049669176283246012505092061379039041995535
-686162372395169422743376958843873427860368093080941863014756191801871499325189682360876901750510381436824228105964701420872385
-5695620082029329155645086814047447624211695122510527955312284805426664743430590452465951901032628818621964154455857196544150415
7454800131737326242931630119543265812120916981512482501058928868142326057850774200621754911888716313035651564683975022904023016028322288482714465587373226429028986584507545632236666294020077855879870347477266046603962946435420894166328085997355193214017355307007350004253639934257475736661295214322831809844438315245661
527652716093850765088420560632188215072868514341962401969920807194520024773519606885529968140003076013932890634142851744895555348735858981649767801086307023725128245825553493371829026038740562
-2298454233000374773222328631852635972691222484515645173910731692056072962150454958247025417260987602669414993736604077807504297249925888939111841288237904680367756634364389024223233848168264398427908999524512230452576109439836644683514435123516719626120506936604027191950881543020604513014422129873994449247046769012763
4880558664046898286261240314895248608536454546218651920324699293777138042909803799686082709322029669452637039034783773336239478946567155179445602693085924042491811673949379662261775443733973747
12458878015533438895437239015077734430139929456521712041097316137
5347658211818798608583440612362591709945299096377621684252334670544296355626705800501675235888789536688467501566258574386075914527564900622867574781314259961598189203912848809897585727759645458406604846364542377629871677946350091513682607869522159600722573
-1208131378880069237150178203745513221053101598105801637566013076387814252065523243193505877788036185211887027969031207099004721853
-3182071830734978538748112794783510187419587605211390751015908267470795648094228831694189597253592656989576223829717675694467032998
-988245259486812334378307943683190615595820909460537389560864098215248134719499182534828202119708266526835452766948855731649250900
4839348513448757109496584993480891904414005878441818729255108582778903694402348809070884102621666897504472491694737890476103962469498647741138266947190884435342431577929719838838666777500564872261665306439212176684118805986890405320734639837626060368082699597
-65551961520389226640629259106876047365863865646087518971255435677046676589523199822096016644600295074735897224734851485899502810272452159736688220312566853833006503981872485414691385723724722151620380425431419322378713088214193932414371981725860984400862971935
-11381711360544903492594602904397098114961778566541703899400383447188452042677267063332431939369100682700836096456931441821321058808
-5931647398354200863916538242470890128021568631195740529807102303752407277651000209206576246830094747050008247680501626417084274349
-277483988436888949556600851371059612949742461270932403147765818304
371704744539000352189739482226227422262456838528526311333735768169959003562179748000782385965032043431964218203206225415902401875432871076534294423854825185554107997995872041021255748753139922377845886973759377559886294783276484225269499192700544117135598292857
69338489313309364644766335827021706621870153396241066805093879663248746083550633514438375507572156775412020256720060477082329379638
6410380154325902403123779726079983477395768504339345683732589429771597398218755377163810667564274800487168211627559272213148885731
-76741149473251068070124492033755799468240082995260085438847731929019741091452276900643211263573220099235906196684360314842835661753
82694708863010715792972268556311898304149475526499092196305930190159424936587251782158526796085461792525112092586993634874005211178652288936591644670940432124583798593950530074301406669822522069024
-131508328709112193841778145999788520599685520820394870807063698406390099981534321964498467129395263607250059030852160066607512888247
1438756530741792828264661488176817402798870502043845715735036110469407205281831841452602696756919715551017210121771467805564325987794
-4033251134529014822301132745257415516210225233247466942603800116196
174736259481167594985858899379717398658387497727052004763909564302955979094887840331553716349613150499317178969296088352002064743907178237841275542905169785293704518775082719175133145211441944710098567591930092209183918494181663569509348824935959446466334483669615
28798531820604705563619380992124156268593420906359193172889137001539750208786209396909597525981411816238394243941719683835317775686141815108052240487784420669604647868077084091977825685852547216578269812135503313615076253111073301179247918058425558182045630456372569895897808824524698685425146590407626463916928506669590002883953410817754697287329045782451584291783090260978848406839172706627455540
-3907985217488130073453385850504191984537668902966462757434306036991730882590767033171372533277987440013962168326980758060795712096452
-7563237360864730100768876830966496612580292749399242212155947143386
148654981177633789540899612708263392913250604691176043496854939649847204835706692649784455425680997299904715732572602717103674473761832740530243467870650150930947444515555272370857542625380698850125781663786620966096109161282985926769351715145054758356256924867043516
-3615807360923452385452007931001601270623400485068684856372039875514694166911316110441839144277621817234892905241173088144215259566326
-1165630969096917629927693327864881866904377299137038164746025351496113981580086513253512033233562965182340424898015201613965720058935944734225431469536031205770219861159886536839160069513740198665161571306691593382922504717109264744523224588211877757425625578574902738089070501281140762526437154755090094373542227834662892436909201621271648098704147176280844925721847455855900143432773530232627926730848928182224574713746354011247177255140602283837360224313778241215
-66595477306403591244855810431329463525671583505508668203319780182909413203974810722109174663719120950084122041719881598497161704235623
-218089699617209586284604032413699491127074351709370545938710072962
-1172406741608348245386467216255514007811772846386321092572596389106769612885737310193054919612835461644970908306583993586446976764284305105482688886683409452731811342883818753607760245698158335101303669
386831426689446156867582318567913924803788030638816871352790128516867924077312760323527716273234295684458877577657108198748176003633839507767395533740093432044023928996519748752641568125402290871014600
-10258732475813455224546358034350691447786033359927518497992822469704828354604624947032586098242517520470047330053659012924560054538393680207306454186056241173476653869466031124504098658387796956747497790838210832659103360246494762422933588552638099503053394692167216640
257349000782250067576279183094587851201338727995827808232125424002199349702406798691884032090045872044526634411474649155091605640656504194819387466384543796756691801671943989528250829605254171110173837630468855926938423967923179347531500774261141456962665043347815496283803420459436059891990188391100600855976322610522769646839813928004
-390679376232890700538517886864137923106862589045806738105812243605652153642913565766476023510254644715764142269564922939166366565219158
-86220885199021799925097690698199580595879266254512697334580212548493925250836543440183471033270596332501339796635281470240280063772268470890489520319598332382918973694014441756287984713036078675446558157536867081676706021546377041290996538069987098623344831381660157139
501095845900066657137948950281596070580485040758709753774502107208700726249603104366814934189882891155632586406311998933028781204547397241043421107785728689143472947542243274247141961648969887681218805
-1256442741917619728361752388814005966172251295387536308081561054040429232501740189193922075055320646486499952460125448915866571526989024
-213634917497211533818362729821264635265283093882018177525454113303114929445673838442339023800211586425181373024248205317440041809945019645314212698616885673683937842428069295531023670005682130619076750181083304753478028150875202047373931496092822765641099037312089010278718063428879902602464372845237618022804500276375086846881491102443454266947927993428198268690534947650184968828374997819819359403371557650862591102503297142860285642358421365129319307209200331385557997704323332176697399823478044899005089815602897462426992556593961852700
1156376916083727686663772483014163053802635355520349535455043124244867935708669432794477285075591203993928398707545048669915266363386557
-842190244000871579069961414650593286356426229791908899217119038226753240245150381932425168206769864440458821059333730082244682909149240
232121853624257449851802713175311435677076420533117170717318452062012923445348484901047311678135842775833844832513088563759834052726151535330652780274796047216132889060080643481841982722171994566097172921
7808917382828428392547723215031173480629095123000904497582331662981115452395021440349964744195036644962031217297664508053648479499961918
-2293447487779320478231222609577900854509321893366478569464230075475164697451692147192477846215871171105019588792928218700283836384294884
-15064467744227763466606748594411901189635022329744503847812489484526253172804453747615156128842400117581889028451522334436046312504168471
-22356559747644737672503690708361282376862054677892062994518605565040465805442127459015842669257095891643106076975353430646155415639689735067289922767527010446123737632509703524737136610181379301573023332260
-47606462812917221172249981237915533429005598996930383989451960765598558691416655128647492175408860618770669965339678795163421776535048326797851531790509388796060808298470067587546258390240364499380218142861229621391191465533852499297261739056211688089640036638182764264984982903271392858359425791979658434113768400075382062766372017282718274935444504621323846760803521167705661122994472267779208556598663453455
27740128725999673105836114430976563299643173660049926169651955559399739331260193126547565592450638507224408132269100499142752512987705236
-7041569384797984034720974082517289578518118559680908280911160012374503143873410938072870696882653492016103365450030267854098521345698080
-577564253668519211726163769674892441891365401340681770146785983671314888000628627304272579879840997177525782836075698317525419239770201019506486301562551818813826456586826462164004964333856907707730472881863
-118572483262227386962177406428120201359063954200561380358884919225613010545872883047292484173252897233905511354402264253729348102477385375973915358300436386769015235446289188452173892799905173630266485260985294896037783656486059639864659520445354333506820296857482688847032000
-819464220040264845516727246459640613116605773548767473449581377276862812894908872612962067057249153273596278307595572152290226337768160567614912756251543262409732598373228934755582938352439661099787143223302
1411743982881512191389545232467115968670299478918001669590180169440388
4382102206747784527423938748916871967751783088361177762378417981153510
2581547240545379152607458552321339162872911190444455046013177619228253996834587261517993964737762619491962938412653456177858178116137234491678534606950083306628527874949603746189635331385563932880322906905403
-8378664319392490312313590591831763435017443717596954808218283923988212685044606636653811750964783731014169929662706650807546384343443205716
13573785614405643628500563297902022384749532174570488184898997251279400298642144067905947330213430787490152845389184017028203038767795336193
-138871726903571618485433064979869509771123724781235463081106829064184133632076536928962162780935755597443509302121617565744160087515963287235365259165808459392866258475221378514410260391491894614898778974971110849942885524075470579010178896205240093308227725700671029045911692960946185306876736193783362376628875015124594785457121040255857897080901141589096356325830708324374343801625175597587146397191763025511149420801811833790839686109356750525976796044534110214522808432588988080001356266502580392008553271350834541995463017357322046041175731134232981146292872224024286743539253095401284403407750550513670691728474999041430
29255837276479547738380138401619947597341190828961738410965305124769405226134562710316252261300961039051460376905951641354353261085087585794496866222889899516391991487504672716306065954019795032469576598495043041476961973057893961695013889359115662352410046777422482238941050376815789491494585430884048625165390538779875990015025245765585733041246937140356170844328767440217319645052697780347353695303163689380088211413580295889220852856731523008303355784140832549163291447530271184431935173043818319294973034715910007002583473241560590891531070889907213704
-127291894834228056360189412734429993392696847949171774297159491180618441168180170347915837643824902771986383216407604646232431393292663509508334230154883753070490846963248679283060398489624914564380523959680816
-108013164690898525330740478225115577041642635692039448408880904875007467982986264683133825788480907713895630717757552344580181346316180753492
4510561840836448173673717795955289354506900156427254533100423585168384426963303460956531437392358788691882645238304654486661425167343151907
-312957629758165072481641577766883633934017028844789632660410111593010677223920831222065752660602319351183963780481512148995126664822055741420
49184993366903834724028676369128799968107126573026846664145666937773068169817668234630326620069324603898990863771101319115669819821447622419
378962387946085273439298561285330195943910252737218178089329926907495067428754697615657838270768214548616831843746328334675601442751683081868
16464754931796946602441866410877364011014781720056437854344429254953779476070351061406489984622691179061297353892039405364059755546442011406702174136388392519483155330347390664642661129364293169781886361706845702
-719256433883632875289391993252325036430635902526467399330118437084792114406847772540282533321653218917327772864912450958662581812163350367527
-1458104278314776460753662555430940978396354531966812329807245961860373198876823503310108160553951784782772023777037268600546439341645877439661640125023718767075932262453917769488427992603227227282439850612528704738920627010998914405017588322647064707354025313426536522475834118661880
-3382445415037127633699564834850535087350003218847722944443437964807297405127315873111993424342718858509158150129556556255937441745452295627030
3259979652299315018902269917049173929125241044173658787531155191944030214821805221254858465987113301257115897395847203136962453504579021774619218900342421687999496627609784946692633387748418552840031139846325874006982606785031228417531248656349154049456922545008529836237943465809307020072683011416844172571086732783803528339248262414543095220259913419614068998263405192835385323517770715159686992337454131139124972075889758344
2755843267063750331369750647352538277643026828684573331145982521743636942177447482412537554800945144876048214739568041712032870408098342628652
9205314287228544881641119075467776642497418422431753370500040474487294537847035168628026416838824286000272696154830687376121989580021420290852
-5433167741224771693574385372245148117476050639934123669398298989535831410736867698156990699274197300201179821033808608238471105241384750155717342924975266370806403985077901568038360571107080255896520154087870630062
-15609030968387050039072614389295376878013549655666631349585095065227016539449933166847216996544666287780918749088867392110615826350314884104478
-885014905077182496928646935192170362300528825047292843156838266133891357
97166763600285362413222456586751094029179979430310071230875262005187435239048029856215038079142567643917407993221434719387247227008046451193554
7615352491479014464866177819695460826411743136225645729260874905363917339851731692583692614038909130801377414571594599850529871749276745212802223963861213825388630167395420511779216057525550517922278200809994106085939335531373726127017547080117330009334906127140518079375502358430522849519297311925207501918978550443060837419365339849523850315658631778908235594417163751114116562140562167616446763806736736232384505302438700828569481112731310170538792664244241963088707303961196996298941891569935868588493649006930630298963626499315692082582227948736028287877603565013323314383734046621841483109411942833788800744778776214697750706893967799267827887174763917124374962950760134589946421857654011246227927164929307144
-403971885444877404571233641133944716353101157290412755344015776794237343178369074897459546898320183800764983795018816147633431963272702096221130858225577521216065099394651643955059847873910412969788697190736665310263143883169996172948195026483577978237763843106075837699890061374704880
152204218911440024704690460874255674148321196858142467915847082838938801379281645409028840505169569391336403422028253356852796109087852371619361
-604535296244195287541873475674681545849867196577565345248235879534901293900592017974925037024821103746483212045296840009139402695728155853779100534964351361330771445517040376594104840178441613783868130358655222938018520735168596366981580681104063185349167001684097920207454744145605467236
-294296256301392349040404746440143025409923360660184710829491765549380446015168753594853635045146566005012499202846279753834869697761751243540629
-1659520452602479322217318177432342891159138904516818498772239863386566519824899693196184891591285479267767423434464945920167805963500942324176907245860811621229640117875211707304901285868676277258540360705105193609782
920312070391744706726782722928911042161329656661451905490777936974660458855816044658901881318963859510840017681991628417028419056523901127127164628859076462087150098134369988734791686022619033076269634425573202487510
3612196493621792402016783688563102420029043021884814187535500087134609226956824574746606052494202139193891401707658542595771190383859436214070578591053791512942923333926741154112692346261682861014001453757578967537287
-2609376147879333144606979232349950267696675147467292401096499402200153087038988177480353785441579407735665037262537123433354631287360903084474396
-14889593092050356663201218195358400633741761867765784625145961807293703664023658618665185315958800748057819734530071323018054747424690890257887741048659114672267137416754480814145948531139351442706851630400702447349851019462839405949441958526232811685432534105866670115736931308041855372117
14720276973389655254132560213685589425449180797270082112571594735734471729605044570438943459672337881038652040077872725037036056398078101703142604
24166859759872887734786751180981132469646721276365289263088322318625052417128292764849775145556878893063699424336795311590257165490027909920034705
-75209325797005613337546343949638944323051208001631624778840318581356485928274982415773233207588546754071483945795139629462507328056084090988903587607358171139002758865828175234478954118023019375424750985902671219170856731097920487345214177366528613401371917635357706685760879680033937696327
-61017454007878067726724619530332578919491698942235085472220830226674988450335205511086650339595923249181697761886416351447476638574661414396537881
-24138851161212428202529067434718598339027883553456418156021509965756727692
-42722672287295734704212702665369914464806385139287142035128461004080335937812348835775734646392545014325089986871798882650832279819816470236173249452390649961237398036515889994043887921791720439691117632051397732216179466923657853993634598044585616197827421119493717517847050446840112778450
14882917004317928980109786364539212132376505941585817195939482201929099541693615675053813468229082363562046667726483120904035826315704484429762972232462085455639135023842633957654897463251240758411654403191236579396915947991182862834548731844341147774373970491607951588311303454151888430475200
-137302100651360003008605279466319734035355531536800148115032483933721279500959014042396382914664646966928275464127606299799460736798851660740490375993844389741215636967850762030236905682962658471092711587563889475253982462510506408539374468904446445073101403780876883243698956606545572369982264
-163957086072139025348546024611797912963918845094078396389921516469200995649426863150997365107313305061929739561361867859138379173676083390896906994
1667270007743850007507396732717773520747314832461898933512124966952781469034185765630417697285710446676569127404568103034932377863267143069810768536365721475927423164710209304883256719007712544499551561497451631539022994510084347546417726437491070214814210002343308080517529161276283589751966931
-792090003867599755431497874077490929767779205434923336213521591367185969167540026751603961325446812748681812929049620158513350578217137228009997141
5178029110414452906944353505591755788602677699612137787120217420792949167373921640369592327476847083030664005509207137972517739642823812226342046582
269962034644260680976380717412284163008243118710313055645930630708400800851
112403259264132940140239509559722598652704032578812907572691630454157242464814049838731090122947018630971894786794112789419975823160999542887671792781155295529789524883083419510619907018168524141177099576729744606226998093530278876940306025337036669783972509675468124448130538074476047524950293338141682726391521010658304619283551917917859631325567493998075111395602010
-4813901159200244698116434466418464356528448467326652501791061362538696315835156084033207088147936046351411637540656423425497971773355214532529177835671989598417008469357014533379608293076948884371280428473754295025044639666581306453369075260552278730375305082948742430290822279343344655142540585319225519661618400688520918883987333071032710203617520004246945011231742409
34020365602765304715295762535818519942566436412359789523350369205149025084524963588778089574854926229321822430936195275025080467988087527001269192485543074923023161395234336401369078085045012926642601415419280518610767145819476217948744833252421097954371442227360052169844290571885866513974397977743247869813157699992770624305724277139099210924387397257560173152278266161027614527815005485054074973772662912364456519835249034223047443251302412
963642997400282281152450219329349281589280343794209427939697319054724399775249421572062321706459555973928667332558234758999410352506335437354906522897821697257841703717656838201660176014218882981200069681603222109274979213
52559104965250795962205202538783646482473341423070641608822090124011380317597085917635322561388096794093692315098464159127324202242241211358865859851
221702694888782178072199359840588267801418251332954216740569991331810773633805293734876738283369562800169527084843995160241730093219093722211066291423663227833702044227948579658369514535834133846087600569071425289207026223016189212152314779936013010981398290834482523215693424541571027053330026230178415683459514803805490911407411275867283880881346702748694745815436706535945283672318635222963310365436135252096858730869544210291665428701263607717835319730689557509367471995030921389820114638885206141635439417075778386569641184854126445149496996762605755069328190007287916191644295477697791110011598587018466749700617245267415916448381930623353944210418566368283411344795650737737130480918104194144067455355590108597967531335925988496857414629840519569103251373534922031705630321611413116656864709460412553930696267205904893705985620271893274380403078867102148723665360387781255734775275407587289611392250405520108762117536580766166050474164070651198797149248037976
-316685976284535318159977393367285793190363994107494436136985249152438640247783248393490936795349862472599398428223013258816719818789117529807033093437432134343705567520271483659367074706597710007171136558115258618027434369399374102242453617694248068063754576354077565071574651859914200378863431701
15753922237160027411218039167527239738241322335508869254017085725902098257449829760633920363001146354928739100732331367635775191388944891831076205584829627740887047298197344021402025616931953905249428339112676200823707765987
-374396646335359702749712375162391645486433294856223315101855708699114510349332808917024290985407354266191951620700634659425690277460236502862663332800879283468231919824430992332712064378669572782238292078610266153327442361934817851016723026455820683176108388127362371788526723004701152121619610522796292030600323554655945080469712133959701804908366580408705938898691487572671993797951579082312031949197601149350390710837700494869267083798767276275061096723801063378918594046790035582993108561359164743010744277612690683826501219518703164538032148940260684326051000113270662808779550034210160126376760271820154207920575006809341617518665583364647871425039522369169625184997
195786118927362961229814565292389338523281324391875596199657911806816033661364451634112520328307812837067431952481145413598008148533752325508219846189
38241435543055543758926146618706284559334098718092725416088957851810415677035422492963667552850366196479122989262168574481957271291674806826139919304972072213394322175697972573727986157810339540753212271925927425936792438910
1549639546584532529266412842418771340993767735180240593472693893353456746887
-3848922976121811824997699794350725380673784332393048328940118135850053828320268089154850291983788461334123341226976054677369617536055653599976722005496574760125217578359264072459892805516952409333335984375920348121955332463898
-4396485478351656929654228734140267278220481604724507637317900708840198159441592241954060030758878672631424475010625798652127567229053578919246315694738460656744418998424097746453125297125248049130959278884827227416803550695590
-5461639633725977983876568179659241051917197901176429645806304653169690521798894917602848033193730621571735503624471997307132955087625323833654531456855778124382088177468460848171035558710445712477094086717542698437817743775171
-29479444105322951502890653803151388843743349782268660371669130660015959729782275022848605716905765967225867911102715758798652964142999147346505794241588356891359012131076921167375907261971846248691579579332006231040588119238804386312868642602442794249448804740837794175272361749274040039937799248933566659893374803995106828884270499428767227130082144515308473011067668007293801651640398827545720111246043512397550714214362206883256358618188576683800349105569502823480564279608001566673251919141497041818383378609079545600879031740856262959720002699054756469319180325565586408245453586633775791391710067
-3921176525563179797159848233755849894439549827508125803755622361559764345927
-4448888695862919015785846292355332374567260386061106475782407728827347581871547552103215225371590335529656124341363908500100926114231340489395236858894
-3603875735745686862295629415051553864964689397744673715886782672075703889321830277156867569961482215315859129593889659481372097169474061690889580764695642572062336849715352570927199120385814684838485103007334636737203559766636
-51600233294099673711599583737408630496559715833474628657619058491531379121291131018469558501807006002366783484219431287777131312936737376797653356750362
85639865551590624089567296197769610555820871956213758963858252196224144858349045779415934060746791301627251817151388052509001623062414849360294530012155
-121303800140777126228699068168586835792926481280166409846482599314985122906456263227306829373380852290038232534957874660007705932759875114810432681413160
-6430121507214762148219423063233977317949586930521000781926759578484277530597874458654793007365636108208281975447407835931197498397071045200563090045761129795795406970320786725365289725363811572449212226569315451693049299212838102483090974427845961574085878025440374877723680706052283615126640169697371877
569344510372573470119340553196276517819557813874438954213879940843715830627107971506773513735450059762864277664824478588505232987919129808545374729041928794422756988462163381732655150196341043259768798003129710074703873748789070090644414558262970776583844292219744514525425812751755095204562284614544785282755838759352204530247833134644726231480720430658543331942585285405761559682
-619407523364888834610782502666503023183516378025265355475536599197308015541488317289469646044650682003062114877704811147386370211826482487378801174495844
-32173777484517353297264656642350421409675830798794919639730963044433468039510
115328722831060376060425069481482213825450665613305362471553241729329292605764778098581303875460236468182608387743972417502438165955318294637838980296379
-14123672494618190593588280103918111322611670471886124057392417150635139557640231168033804833917172950099658968230180462670994948406634741091384111335899968809518883429213140236975089798370900982091330420255311547252129006333672723365860057394090655297343335415599499539680888660295336048010644487507988744525554725325950562557327159209715351664968009499659484144068661389037772351865908961134011656419097666107542235680644686243031251546869827044981113512131
-745836411109244335953048664059483700681807033862037406951724025786509627047792950895248416085926368548269208580056565618687337623311428560370375050996232
6236084359791429252366863636584893693146293908201027393938818258183080116465788992238090107736531260076981432785854210541171817055878923335170183320604507020571075887147590869008017589798677043314599204913594658697677662143225430004532270112633507363912111123714990885044659779738446531248612708878938995154
1350190781822284236736089447418946135657079675132292329407898166770227029397844557687587046417788558027814058977762037544115526637846437339136570476121434470775305413565909105385417054947144030153453533268627458016810183617949559441
-694440976661417899816319952248844055753917584444023065161895436002726382492716886765770144855140179899670408598850498331399261297715687816257632196281260562605450566803721488737877371923085209668018575915258150903258631922486375071
-251971016752721041027678931085981526993330171528530239013673259441889634329882
58492226099670678363752642530928953921770635524825372718476767386590253149221938927891492313439076141477376386817346492139387730620466360921778380647383015114608880507792280031595086200729654996826377116049798974121773788882961102
-238137244519266376781209358890577236424148767257420484405679594303452276224326934666334779933298877915593632640894056566177133172197011925044780213308830496433020824522637757380744217930152912983533816039782336951253143904672301336441731615787445541906895905782676760774345491668475309043192081770255852192804983548618197196011210486832115874030368028438534002106748576831412899294416780
39868857723063736754841384052803819116219558107816850882208471453692784273776979278137174716563675210629518360266416355233250333113076100079533923052379320
14866021599635590240328069388445248747063863442777604065846819825508283053161187499802615399324459296332521672604624947240469585660011947654502335396500774
-352157311346097986353998930006366972134885954512454507341698946309088517338541571679396474466105250620568161564360839174612572040620169994300941285123126698
-4755240773366262376980506322675128376461797728951080950838229701491989683243409457046478153206908993768472108736376766215943814510364189070767992038111040088969694505935701508557687085680587452085073699978125342014287366042877631547729266728768133627664593356652610849292687678345070291209909236407016057076579366299597993200408360670283971935386230247000571121840073484021207221423479193367412495853926325174855373017692469000318999024194149807740447014432925210207427201154969772877855080215402723123978885573677278867010040436662103792758
33571678226146442622404726188668339063654982309519644977240757450064669075000498938084897811600870205690060913014176729587186959951660747819912357723613387
142068067431584428829317440969124336521751349529957230335353187611338868636461835603647313192328168018292294056363431202380334366771442285359871696914131243
96428507190411858746834809938616977397072240209589351187110321615056151317364789043741719875154448684678384433506175617215477426677915391558951760647908343377134493477784191224850393990753552692289249234617083366018976289005507841656196590075003531053324117117214165317361981513365002240651450385923410527324620
-1847492283339069040071111545067508348215308786260354674016549508568809290731919506995242957197433054663654454690308054670124313854697257385596406106229438102
3699935971761114147599336887267577281620667838000002858619400485907544889884903219586548460093394898220043903190250818974853028259880482456663507053406588759142991436989945176430054552976925787199833564610229939750556474325830633310575057365109142779457180954379223599354657796003892281340118870903027715326608304
-283577767164037132073964822269945672700280174711253020779587100790180931842060850345602750766719107722941241480657832925500468937882731385865527947895810544
-14590239597753254283776199657063108528186713312108082623754206143405312329919445789547530889990367069501990080723655829135023990550502806767246776940885418880050790678328231992731249055318723279787024346909220688059025605165883267894345
-14958497159414093224748913785499946887206370936457275651322854827894593987737317428731185029149956132219263636392070677659609019872143793839958904409952925949
36848213384268536961972332740576543014182193775439633972509810394427267616833873310111586939720231939793872468976325582641670077541624249988664310329810436558052425316094435322040579586446735645207211007687265565938148750218246568225393562159138403052348725386880613026157320806820207477663635685478268364733217728
470386104911181453211178836248471411109192529120783775415565317782848958420363401212521995764816123140234827413353118208113327074406959057917606500345578264811029883444022877178219293229144582415132374125141551458614023904535496871556
2305161600732031494230765231848289012649752949589751187924298667009086013523893922714502898946451715333227200825718920026900226386411031242716739681617959367313212145449597126251173549833898574499257097664533485168216889223372190845284079901841193943784809754076899519458919622512940791679679505267105383173641687754562762556113326263833827642884384400139113451702155919258119687897521047822890
-35327381912599526246379533211545989197852066280165202831969152772482173427870146845162003413968591785663001933826836496005351209424231374694615440918845972512
1982679889205660412615522215469424615390290435158350264709330262578221357012026963417496916025994185030363563886997293326428725596108856426798784756890937499481315394037310988633379120395380274741879581312510573931108602914793747748245571989285907728436119174314638529471384305080789721893366082063942626119972866298256220721544753790790015305671298332105930377764231593337376866987167453069188928223679767958602898835665842169395231416984113712662504786759442786157345127852632711323206483198005405580549478830799226099483681088425691415504900544580844
-39593899866967051156184488032628521531733065358403154578480114437885206257256413
-1976000293059873251896797609937683862732014749165775320829012718869905388848006117465139517857112003899336209409425848229426393214832475481513777789168406165
-194148378672524602221226458608559265459160595055596935226670781755115203604285908766024541527366542878107928403023405319766922829860541053284624103445226072166
-710061425896812494701884124201170943899760716314879335682398212012775371887746594561978797844534611076833781406173374085843190586996395532508930796744643824208
-43836439882381228963985616542986352884408953053698611913354658939817584606674403127375772474362511129424504584698115565369275271272447137578158885682484578750361528746744152010203218831093195219729656684445723933605673369011597085117294242
26938980565701684222888021035078011340362731707615161575712099642752837488706093
-2593691243381788844434693254153345053719193222212373403607947252006384359749039487314325382753474942004870281993187716932235023634057625587192909101678894037681
3093987498757553541478455016941540306470615815058023286846392123846144597913465828667096142164149789043884402270410594235707957333819423399646326277249345555116
148066064832961218323196978305271167440237779376756151711181175062110038114701889404696758231950081168265090029418310275144907238226811270679813713435201229608605033282424599810233955130186462541350016405945862759997006551620041988997038494
-12562685380479447483126987340896619249682046002759660869660933432375390926813605196125600231594466334834492560741428588444629908629100810563899721955304782422998759484237237335886324683784656477671272814502377694792970893745548169710685403933278188062113181234219516000293165475006650178388561342510119326857848656896122365347219965056192817894220307245095770911145052739212193134688387140866728337227418755146782038829741762259598586386130070433627130239479314126340819254156505
-35327490021009067696333834358074208789823448253712837808594691983268367806869454709532326497527459616875080882121498440126982900756921010478551104606692745499620606956526845115587326535171772385258414418259862679627599816914298516284939431166486360674736263998384400462461759079037166706363068766774271894672946264533208770196537162037281261434134159064870139543332979672582275036260414665749443620808
95565866714294682453338177376129405921055641691011727800001213477642450329429870143766553612440098737813251097253172648274613213386862960533156524603136381275401949805017071776309309508006098353670512993821851279437526566201645329216533848876201362052138698249839080401272711258412740124576916016929591593335996345359751940720567443185014778180183064116347793592617870576066847013167303035142094815078693685320834232445888529069994304621464291076010416040695704664235642383229007411353809399590241464670832087571012646978274280793353899857525983997058879567380
